Analysis & Synthesis report for Tagamagotchi
Wed Mar  5 10:59:06 2025
Quartus Prime Version 23.1std.1 Build 993 05/14/2024 SC Lite Edition


---------------------
; Table of Contents ;
---------------------
  1. Legal Notice
  2. Analysis & Synthesis Summary
  3. Analysis & Synthesis Settings
  4. Parallel Compilation
  5. Analysis & Synthesis Source Files Read
  6. Analysis & Synthesis Resource Usage Summary
  7. Analysis & Synthesis Resource Utilization by Entity
  8. State Machine - |Tamagotchi|ultrasonido:driver|state
  9. State Machine - |Tamagotchi|ImageControl:controlimagen|state
 10. State Machine - |Tamagotchi|Transmisor:trans|state
 11. Registers Removed During Synthesis
 12. General Register Statistics
 13. Inverted Register Statistics
 14. Multiplexer Restructuring Statistics (Restructuring Performed)
 15. Parameter Settings for User Entity Instance: Transmisor:trans
 16. Parameter Settings for User Entity Instance: ImageControl:controlimagen
 17. Parameter Settings for User Entity Instance: MaquinaEstados:logica
 18. Parameter Settings for User Entity Instance: controlprincipal:control
 19. Parameter Settings for User Entity Instance: timecontrol:controltiempo
 20. Parameter Settings for User Entity Instance: visualizacion:segmentos|bcd:convertidor
 21. Parameter Settings for User Entity Instance: ultrasonido:driver
 22. Post-Synthesis Netlist Statistics for Top Partition
 23. Elapsed Time Per Partition
 24. Analysis & Synthesis Messages
 25. Analysis & Synthesis Suppressed Messages



----------------
; Legal Notice ;
----------------
Copyright (C) 2024  Intel Corporation. All rights reserved.
Your use of Intel Corporation's design tools, logic functions 
and other software and tools, and any partner logic 
functions, and any output files from any of the foregoing 
(including device programming or simulation files), and any 
associated documentation or information are expressly subject 
to the terms and conditions of the Intel Program License 
Subscription Agreement, the Intel Quartus Prime License Agreement,
the Intel FPGA IP License Agreement, or other applicable license
agreement, including, without limitation, that your use is for
the sole purpose of programming logic devices manufactured by
Intel and sold by Intel or its authorized distributors.  Please
refer to the applicable agreement for further details, at
https://fpgasoftware.intel.com/eula.



+-------------------------------------------------------------------------------------+
; Analysis & Synthesis Summary                                                        ;
+------------------------------------+------------------------------------------------+
; Analysis & Synthesis Status        ; Successful - Wed Mar  5 10:59:06 2025          ;
; Quartus Prime Version              ; 23.1std.1 Build 993 05/14/2024 SC Lite Edition ;
; Revision Name                      ; Tagamagotchi                                   ;
; Top-level Entity Name              ; Tamagotchi                                     ;
; Family                             ; Cyclone IV E                                   ;
; Total logic elements               ; 1,404                                          ;
;     Total combinational functions  ; 1,381                                          ;
;     Dedicated logic registers      ; 582                                            ;
; Total registers                    ; 582                                            ;
; Total pins                         ; 30                                             ;
; Total virtual pins                 ; 0                                              ;
; Total memory bits                  ; 0                                              ;
; Embedded Multiplier 9-bit elements ; 0                                              ;
; Total PLLs                         ; 0                                              ;
+------------------------------------+------------------------------------------------+


+------------------------------------------------------------------------------------------------------------+
; Analysis & Synthesis Settings                                                                              ;
+------------------------------------------------------------------+--------------------+--------------------+
; Option                                                           ; Setting            ; Default Value      ;
+------------------------------------------------------------------+--------------------+--------------------+
; Device                                                           ; EP4CE6E22C8        ;                    ;
; Top-level entity name                                            ; Tamagotchi         ; Tagamagotchi       ;
; Family name                                                      ; Cyclone IV E       ; Cyclone V          ;
; Use smart compilation                                            ; Off                ; Off                ;
; Enable parallel Assembler and Timing Analyzer during compilation ; On                 ; On                 ;
; Enable compact report table                                      ; Off                ; Off                ;
; Restructure Multiplexers                                         ; Auto               ; Auto               ;
; Create Debugging Nodes for IP Cores                              ; Off                ; Off                ;
; Preserve fewer node names                                        ; On                 ; On                 ;
; Intel FPGA IP Evaluation Mode                                    ; Enable             ; Enable             ;
; Verilog Version                                                  ; Verilog_2001       ; Verilog_2001       ;
; VHDL Version                                                     ; VHDL_1993          ; VHDL_1993          ;
; State Machine Processing                                         ; Auto               ; Auto               ;
; Safe State Machine                                               ; Off                ; Off                ;
; Extract Verilog State Machines                                   ; On                 ; On                 ;
; Extract VHDL State Machines                                      ; On                 ; On                 ;
; Ignore Verilog initial constructs                                ; Off                ; Off                ;
; Iteration limit for constant Verilog loops                       ; 5000               ; 5000               ;
; Iteration limit for non-constant Verilog loops                   ; 250                ; 250                ;
; Add Pass-Through Logic to Inferred RAMs                          ; On                 ; On                 ;
; Infer RAMs from Raw Logic                                        ; On                 ; On                 ;
; Parallel Synthesis                                               ; On                 ; On                 ;
; DSP Block Balancing                                              ; Auto               ; Auto               ;
; NOT Gate Push-Back                                               ; On                 ; On                 ;
; Power-Up Don't Care                                              ; On                 ; On                 ;
; Remove Redundant Logic Cells                                     ; Off                ; Off                ;
; Remove Duplicate Registers                                       ; On                 ; On                 ;
; Ignore CARRY Buffers                                             ; Off                ; Off                ;
; Ignore CASCADE Buffers                                           ; Off                ; Off                ;
; Ignore GLOBAL Buffers                                            ; Off                ; Off                ;
; Ignore ROW GLOBAL Buffers                                        ; Off                ; Off                ;
; Ignore LCELL Buffers                                             ; Off                ; Off                ;
; Ignore SOFT Buffers                                              ; On                 ; On                 ;
; Limit AHDL Integers to 32 Bits                                   ; Off                ; Off                ;
; Optimization Technique                                           ; Balanced           ; Balanced           ;
; Carry Chain Length                                               ; 70                 ; 70                 ;
; Auto Carry Chains                                                ; On                 ; On                 ;
; Auto Open-Drain Pins                                             ; On                 ; On                 ;
; Perform WYSIWYG Primitive Resynthesis                            ; Off                ; Off                ;
; Auto ROM Replacement                                             ; On                 ; On                 ;
; Auto RAM Replacement                                             ; On                 ; On                 ;
; Auto DSP Block Replacement                                       ; On                 ; On                 ;
; Auto Shift Register Replacement                                  ; Auto               ; Auto               ;
; Allow Shift Register Merging across Hierarchies                  ; Auto               ; Auto               ;
; Auto Clock Enable Replacement                                    ; On                 ; On                 ;
; Strict RAM Replacement                                           ; Off                ; Off                ;
; Allow Synchronous Control Signals                                ; On                 ; On                 ;
; Force Use of Synchronous Clear Signals                           ; Off                ; Off                ;
; Auto RAM Block Balancing                                         ; On                 ; On                 ;
; Auto RAM to Logic Cell Conversion                                ; Off                ; Off                ;
; Auto Resource Sharing                                            ; Off                ; Off                ;
; Allow Any RAM Size For Recognition                               ; Off                ; Off                ;
; Allow Any ROM Size For Recognition                               ; Off                ; Off                ;
; Allow Any Shift Register Size For Recognition                    ; Off                ; Off                ;
; Use LogicLock Constraints during Resource Balancing              ; On                 ; On                 ;
; Ignore translate_off and synthesis_off directives                ; Off                ; Off                ;
; Timing-Driven Synthesis                                          ; On                 ; On                 ;
; Report Parameter Settings                                        ; On                 ; On                 ;
; Report Source Assignments                                        ; On                 ; On                 ;
; Report Connectivity Checks                                       ; On                 ; On                 ;
; Ignore Maximum Fan-Out Assignments                               ; Off                ; Off                ;
; Synchronization Register Chain Length                            ; 2                  ; 2                  ;
; Power Optimization During Synthesis                              ; Normal compilation ; Normal compilation ;
; HDL message level                                                ; Level2             ; Level2             ;
; Suppress Register Optimization Related Messages                  ; Off                ; Off                ;
; Number of Removed Registers Reported in Synthesis Report         ; 5000               ; 5000               ;
; Number of Swept Nodes Reported in Synthesis Report               ; 5000               ; 5000               ;
; Number of Inverted Registers Reported in Synthesis Report        ; 100                ; 100                ;
; Clock MUX Protection                                             ; On                 ; On                 ;
; Auto Gated Clock Conversion                                      ; Off                ; Off                ;
; Block Design Naming                                              ; Auto               ; Auto               ;
; SDC constraint protection                                        ; Off                ; Off                ;
; Synthesis Effort                                                 ; Auto               ; Auto               ;
; Shift Register Replacement - Allow Asynchronous Clear Signal     ; On                 ; On                 ;
; Pre-Mapping Resynthesis Optimization                             ; Off                ; Off                ;
; Analysis & Synthesis Message Level                               ; Medium             ; Medium             ;
; Disable Register Merging Across Hierarchies                      ; Auto               ; Auto               ;
; Resource Aware Inference For Block RAM                           ; On                 ; On                 ;
+------------------------------------------------------------------+--------------------+--------------------+


+------------------------------------------+
; Parallel Compilation                     ;
+----------------------------+-------------+
; Processors                 ; Number      ;
+----------------------------+-------------+
; Number detected on machine ; 12          ;
; Maximum allowed            ; 12          ;
;                            ;             ;
; Average used               ; 1.00        ;
; Maximum used               ; 12          ;
;                            ;             ;
; Usage by Processor         ; % Time Used ;
;     Processor 1            ; 100.0%      ;
;     Processor 2            ;   0.1%      ;
;     Processor 3            ;   0.1%      ;
;     Processor 4            ;   0.1%      ;
;     Processor 5            ;   0.0%      ;
;     Processor 6            ;   0.0%      ;
;     Processor 7            ;   0.0%      ;
;     Processor 8            ;   0.0%      ;
;     Processors 9-12        ;   0.0%      ;
+----------------------------+-------------+


+----------------------------------------------------------------------------------------------------------------------------------------------------------------------------+
; Analysis & Synthesis Source Files Read                                                                                                                                     ;
+----------------------------------+-----------------+------------------------+------------------------------------------------------------------------------------+---------+
; File Name with User-Entered Path ; Used in Netlist ; File Type              ; File Name with Absolute Path                                                       ; Library ;
+----------------------------------+-----------------+------------------------+------------------------------------------------------------------------------------+---------+
; rtl/Tamagotchi.v                 ; yes             ; User Verilog HDL File  ; C:/Proyectosquantus/entrega-proyecto-2024-2-grupo02-2024-2/rtl/Tamagotchi.v        ;         ;
; rtl/timecontrol.v                ; yes             ; User Verilog HDL File  ; C:/Proyectosquantus/entrega-proyecto-2024-2-grupo02-2024-2/rtl/timecontrol.v       ;         ;
; rtl/Transmisor.v                 ; yes             ; User Verilog HDL File  ; C:/Proyectosquantus/entrega-proyecto-2024-2-grupo02-2024-2/rtl/Transmisor.v        ;         ;
; rtl/ultrasonido.v                ; yes             ; User Verilog HDL File  ; C:/Proyectosquantus/entrega-proyecto-2024-2-grupo02-2024-2/rtl/ultrasonido.v       ;         ;
; rtl/visualizacion.v              ; yes             ; User Verilog HDL File  ; C:/Proyectosquantus/entrega-proyecto-2024-2-grupo02-2024-2/rtl/visualizacion.v     ;         ;
; rtl/bcd.v                        ; yes             ; User Verilog HDL File  ; C:/Proyectosquantus/entrega-proyecto-2024-2-grupo02-2024-2/rtl/bcd.v               ;         ;
; rtl/controlprincipal.v           ; yes             ; User Verilog HDL File  ; C:/Proyectosquantus/entrega-proyecto-2024-2-grupo02-2024-2/rtl/controlprincipal.v  ;         ;
; rtl/controlpuntuacion.v          ; yes             ; User Verilog HDL File  ; C:/Proyectosquantus/entrega-proyecto-2024-2-grupo02-2024-2/rtl/controlpuntuacion.v ;         ;
; rtl/ImageControl.v               ; yes             ; User Verilog HDL File  ; C:/Proyectosquantus/entrega-proyecto-2024-2-grupo02-2024-2/rtl/ImageControl.v      ;         ;
; rtl/MaquinaEstados.v             ; yes             ; User Verilog HDL File  ; C:/Proyectosquantus/entrega-proyecto-2024-2-grupo02-2024-2/rtl/MaquinaEstados.v    ;         ;
; rtl/mux24.v                      ; yes             ; User Verilog HDL File  ; C:/Proyectosquantus/entrega-proyecto-2024-2-grupo02-2024-2/rtl/mux24.v             ;         ;
; rtl/mux64.v                      ; yes             ; User Verilog HDL File  ; C:/Proyectosquantus/entrega-proyecto-2024-2-grupo02-2024-2/rtl/mux64.v             ;         ;
; rtl/needcomparator.v             ; yes             ; User Verilog HDL File  ; C:/Proyectosquantus/entrega-proyecto-2024-2-grupo02-2024-2/rtl/needcomparator.v    ;         ;
; rtl/ROManimation.v               ; yes             ; User Verilog HDL File  ; C:/Proyectosquantus/entrega-proyecto-2024-2-grupo02-2024-2/rtl/ROManimation.v      ;         ;
+----------------------------------+-----------------+------------------------+------------------------------------------------------------------------------------+---------+


+---------------------------------------------------------+
; Analysis & Synthesis Resource Usage Summary             ;
+---------------------------------------------+-----------+
; Resource                                    ; Usage     ;
+---------------------------------------------+-----------+
; Estimated Total logic elements              ; 1,404     ;
;                                             ;           ;
; Total combinational functions               ; 1381      ;
; Logic element usage by number of LUT inputs ;           ;
;     -- 4 input functions                    ; 570       ;
;     -- 3 input functions                    ; 194       ;
;     -- <=2 input functions                  ; 617       ;
;                                             ;           ;
; Logic elements by mode                      ;           ;
;     -- normal mode                          ; 915       ;
;     -- arithmetic mode                      ; 466       ;
;                                             ;           ;
; Total registers                             ; 582       ;
;     -- Dedicated logic registers            ; 582       ;
;     -- I/O registers                        ; 0         ;
;                                             ;           ;
; I/O pins                                    ; 30        ;
;                                             ;           ;
; Embedded Multiplier 9-bit elements          ; 0         ;
;                                             ;           ;
; Maximum fan-out node                        ; clk~input ;
; Maximum fan-out                             ; 582       ;
; Total fan-out                               ; 5941      ;
; Average fan-out                             ; 2.94      ;
+---------------------------------------------+-----------+


+------------------------------------------------------------------------------------------------------------------------------------------------------------------------------------------------------------------------------------------------------------------------+
; Analysis & Synthesis Resource Utilization by Entity                                                                                                                                                                                                                    ;
+-------------------------------------+---------------------+---------------------------+-------------+--------------+---------+-----------+------+--------------+--------------------------------------------------------------------+-------------------+--------------+
; Compilation Hierarchy Node          ; Combinational ALUTs ; Dedicated Logic Registers ; Memory Bits ; DSP Elements ; DSP 9x9 ; DSP 18x18 ; Pins ; Virtual Pins ; Full Hierarchy Name                                                ; Entity Name       ; Library Name ;
+-------------------------------------+---------------------+---------------------------+-------------+--------------+---------+-----------+------+--------------+--------------------------------------------------------------------+-------------------+--------------+
; |Tamagotchi                         ; 1381 (1)            ; 582 (0)                   ; 0           ; 0            ; 0       ; 0         ; 30   ; 0            ; |Tamagotchi                                                        ; Tamagotchi        ; work         ;
;    |ImageControl:controlimagen|     ; 207 (87)            ; 51 (51)                   ; 0           ; 0            ; 0       ; 0         ; 0    ; 0            ; |Tamagotchi|ImageControl:controlimagen                             ; ImageControl      ; work         ;
;       |mux24:selectorcolor|         ; 34 (34)             ; 0 (0)                     ; 0           ; 0            ; 0       ; 0         ; 0    ; 0            ; |Tamagotchi|ImageControl:controlimagen|mux24:selectorcolor         ; mux24             ; work         ;
;       |mux64:selectorpixel|         ; 45 (45)             ; 0 (0)                     ; 0           ; 0            ; 0       ; 0         ; 0    ; 0            ; |Tamagotchi|ImageControl:controlimagen|mux64:selectorpixel         ; mux64             ; work         ;
;       |needcomparator:barraniveles| ; 41 (41)             ; 0 (0)                     ; 0           ; 0            ; 0       ; 0         ; 0    ; 0            ; |Tamagotchi|ImageControl:controlimagen|needcomparator:barraniveles ; needcomparator    ; work         ;
;    |MaquinaEstados:logica|          ; 22 (22)             ; 15 (15)                   ; 0           ; 0            ; 0       ; 0         ; 0    ; 0            ; |Tamagotchi|MaquinaEstados:logica                                  ; MaquinaEstados    ; work         ;
;    |ROManimation:memoria|           ; 6 (6)               ; 0 (0)                     ; 0           ; 0            ; 0       ; 0         ; 0    ; 0            ; |Tamagotchi|ROManimation:memoria                                   ; ROManimation      ; work         ;
;    |Transmisor:trans|               ; 127 (127)           ; 85 (85)                   ; 0           ; 0            ; 0       ; 0         ; 0    ; 0            ; |Tamagotchi|Transmisor:trans                                       ; Transmisor        ; work         ;
;    |controlprincipal:control|       ; 337 (337)           ; 146 (146)                 ; 0           ; 0            ; 0       ; 0         ; 0    ; 0            ; |Tamagotchi|controlprincipal:control                               ; controlprincipal  ; work         ;
;    |controlpuntuacion:timecontrolp| ; 300 (300)           ; 102 (102)                 ; 0           ; 0            ; 0       ; 0         ; 0    ; 0            ; |Tamagotchi|controlpuntuacion:timecontrolp                         ; controlpuntuacion ; work         ;
;    |timecontrol:controltiempo|      ; 80 (80)             ; 30 (30)                   ; 0           ; 0            ; 0       ; 0         ; 0    ; 0            ; |Tamagotchi|timecontrol:controltiempo                              ; timecontrol       ; work         ;
;    |ultrasonido:driver|             ; 93 (93)             ; 52 (52)                   ; 0           ; 0            ; 0       ; 0         ; 0    ; 0            ; |Tamagotchi|ultrasonido:driver                                     ; ultrasonido       ; work         ;
;    |visualizacion:segmentos|        ; 208 (72)            ; 101 (56)                  ; 0           ; 0            ; 0       ; 0         ; 0    ; 0            ; |Tamagotchi|visualizacion:segmentos                                ; visualizacion     ; work         ;
;       |bcd:convertidor|             ; 136 (136)           ; 45 (45)                   ; 0           ; 0            ; 0       ; 0         ; 0    ; 0            ; |Tamagotchi|visualizacion:segmentos|bcd:convertidor                ; bcd               ; work         ;
+-------------------------------------+---------------------+---------------------------+-------------+--------------+---------+-----------+------+--------------+--------------------------------------------------------------------+-------------------+--------------+
Note: For table entries with two numbers listed, the numbers in parentheses indicate the number of resources of the given type used by the specific entity alone. The numbers listed outside of parentheses indicate the total resources of the given type used by the specific entity and all of its sub-entities in the hierarchy.


Encoding Type:  One-Hot
+------------------------------------------------------------------------------+
; State Machine - |Tamagotchi|ultrasonido:driver|state                         ;
+-------------------+-------------+-------------------+------------+-----------+
; Name              ; state.DELAY ; state.RECIEVEECHO ; state.WAIT ; state.000 ;
+-------------------+-------------+-------------------+------------+-----------+
; state.000         ; 0           ; 0                 ; 0          ; 0         ;
; state.WAIT        ; 0           ; 0                 ; 1          ; 1         ;
; state.RECIEVEECHO ; 0           ; 1                 ; 0          ; 1         ;
; state.DELAY       ; 1           ; 0                 ; 0          ; 1         ;
+-------------------+-------------+-------------------+------------+-----------+


Encoding Type:  One-Hot
+--------------------------------------------------------------+
; State Machine - |Tamagotchi|ImageControl:controlimagen|state ;
+-----------------+----------+-----------------+---------------+
; Name            ; state.00 ; state.SENDCOLOR ; state.SCOLOR  ;
+-----------------+----------+-----------------+---------------+
; state.00        ; 0        ; 0               ; 0             ;
; state.SCOLOR    ; 1        ; 0               ; 1             ;
; state.SENDCOLOR ; 1        ; 1               ; 0             ;
+-----------------+----------+-----------------+---------------+


Encoding Type:  One-Hot
+-----------------------------------------------------------------------+
; State Machine - |Tamagotchi|Transmisor:trans|state                    ;
+---------------+---------------+-------------+-------------+-----------+
; Name          ; state.RESTART ; state.SENDH ; state.SENDL ; state.000 ;
+---------------+---------------+-------------+-------------+-----------+
; state.000     ; 0             ; 0           ; 0           ; 0         ;
; state.SENDL   ; 0             ; 0           ; 1           ; 1         ;
; state.SENDH   ; 0             ; 1           ; 0           ; 1         ;
; state.RESTART ; 1             ; 0           ; 0           ; 1         ;
+---------------+---------------+-------------+-------------+-----------+


+-----------------------------------------------------------------------------------------------------+
; Registers Removed During Synthesis                                                                  ;
+--------------------------------------------+--------------------------------------------------------+
; Register name                              ; Reason for Removal                                     ;
+--------------------------------------------+--------------------------------------------------------+
; visualizacion:segmentos|decenavelocidad[1] ; Stuck at GND due to stuck port data_in                 ;
; ImageControl:controlimagen|adress[3]       ; Stuck at GND due to stuck port data_in                 ;
; Transmisor:trans|HL[2,3]                   ; Stuck at GND due to stuck port data_in                 ;
; Transmisor:trans|LL[0]                     ; Stuck at GND due to stuck port data_in                 ;
; visualizacion:segmentos|decenavelocidad[3] ; Merged with visualizacion:segmentos|unidadvelocidad[3] ;
; Transmisor:trans|LL[5]                     ; Merged with Transmisor:trans|HL[4]                     ;
; Transmisor:trans|HL[5]                     ; Merged with Transmisor:trans|HL[1]                     ;
; Transmisor:trans|LL[1,2,4]                 ; Merged with Transmisor:trans|HL[1]                     ;
; Transmisor:trans|LL[3]                     ; Merged with Transmisor:trans|HL[0]                     ;
; ImageControl:controlimagen|color[9]        ; Merged with ImageControl:controlimagen|color[8]        ;
; MaquinaEstados:logica|marchita[0]          ; Lost fanout                                            ;
; ultrasonido:driver|state~2                 ; Lost fanout                                            ;
; ultrasonido:driver|state~3                 ; Lost fanout                                            ;
; ultrasonido:driver|state~4                 ; Lost fanout                                            ;
; Transmisor:trans|state~4                   ; Lost fanout                                            ;
; Transmisor:trans|state~5                   ; Lost fanout                                            ;
; Transmisor:trans|state~6                   ; Lost fanout                                            ;
; Total Number of Removed Registers = 20     ;                                                        ;
+--------------------------------------------+--------------------------------------------------------+


+------------------------------------------------------+
; General Register Statistics                          ;
+----------------------------------------------+-------+
; Statistic                                    ; Value ;
+----------------------------------------------+-------+
; Total registers                              ; 582   ;
; Number of registers using Synchronous Clear  ; 285   ;
; Number of registers using Synchronous Load   ; 24    ;
; Number of registers using Asynchronous Clear ; 0     ;
; Number of registers using Asynchronous Load  ; 0     ;
; Number of registers using Clock Enable       ; 347   ;
; Number of registers using Preset             ; 0     ;
+----------------------------------------------+-------+


+---------------------------------------------------------------+
; Inverted Register Statistics                                  ;
+-----------------------------------------------------+---------+
; Inverted Register                                   ; Fan out ;
+-----------------------------------------------------+---------+
; controlprincipal:control|humedad[0]                 ; 12      ;
; controlprincipal:control|humedad[1]                 ; 13      ;
; controlprincipal:control|humedad[2]                 ; 11      ;
; controlprincipal:control|nutricion[2]               ; 12      ;
; controlprincipal:control|nutricion[0]               ; 13      ;
; controlprincipal:control|nutricion[1]               ; 14      ;
; controlprincipal:control|cortado[2]                 ; 14      ;
; controlprincipal:control|cortado[1]                 ; 16      ;
; controlprincipal:control|cortado[0]                 ; 17      ;
; controlprincipal:control|energia[2]                 ; 10      ;
; controlprincipal:control|energia[0]                 ; 9       ;
; controlprincipal:control|energia[1]                 ; 11      ;
; controlprincipal:control|mantenimiento[2]           ; 12      ;
; controlprincipal:control|mantenimiento[0]           ; 15      ;
; controlprincipal:control|mantenimiento[1]           ; 13      ;
; controlpuntuacion:timecontrolp|banderahumedad       ; 1       ;
; controlpuntuacion:timecontrolp|banderanutricion     ; 1       ;
; controlpuntuacion:timecontrolp|banderamantenimiento ; 1       ;
; controlpuntuacion:timecontrolp|banderaenergia       ; 1       ;
; controlpuntuacion:timecontrolp|banderacortado       ; 1       ;
; controlpuntuacion:timecontrolp|countreset[7]        ; 2       ;
; controlpuntuacion:timecontrolp|countreset[9]        ; 2       ;
; controlpuntuacion:timecontrolp|countreset[12]       ; 2       ;
; controlpuntuacion:timecontrolp|countreset[13]       ; 2       ;
; controlpuntuacion:timecontrolp|countreset[15]       ; 2       ;
; controlpuntuacion:timecontrolp|countreset[17]       ; 2       ;
; controlpuntuacion:timecontrolp|countreset[18]       ; 2       ;
; controlpuntuacion:timecontrolp|countreset[21]       ; 2       ;
; controlpuntuacion:timecontrolp|countreset[22]       ; 2       ;
; controlpuntuacion:timecontrolp|countreset[23]       ; 2       ;
; controlpuntuacion:timecontrolp|countreset[25]       ; 2       ;
; controlpuntuacion:timecontrolp|countreset[26]       ; 2       ;
; controlpuntuacion:timecontrolp|countreset[27]       ; 2       ;
; controlpuntuacion:timecontrolp|counttest[7]         ; 2       ;
; controlpuntuacion:timecontrolp|counttest[9]         ; 2       ;
; controlpuntuacion:timecontrolp|counttest[12]        ; 2       ;
; controlpuntuacion:timecontrolp|counttest[13]        ; 2       ;
; controlpuntuacion:timecontrolp|counttest[15]        ; 2       ;
; controlpuntuacion:timecontrolp|counttest[17]        ; 2       ;
; controlpuntuacion:timecontrolp|counttest[18]        ; 2       ;
; controlpuntuacion:timecontrolp|counttest[21]        ; 2       ;
; controlpuntuacion:timecontrolp|counttest[22]        ; 2       ;
; controlpuntuacion:timecontrolp|counttest[27]        ; 2       ;
; controlpuntuacion:timecontrolp|counttest[23]        ; 2       ;
; controlpuntuacion:timecontrolp|counttest[25]        ; 2       ;
; controlpuntuacion:timecontrolp|counttest[26]        ; 2       ;
; Total number of inverted registers = 46             ;         ;
+-----------------------------------------------------+---------+


+-------------------------------------------------------------------------------------------------------------------------------------------------------------------------------+
; Multiplexer Restructuring Statistics (Restructuring Performed)                                                                                                                ;
+--------------------+-----------+---------------+----------------------+------------------------+------------+-----------------------------------------------------------------+
; Multiplexer Inputs ; Bus Width ; Baseline Area ; Area if Restructured ; Saving if Restructured ; Registered ; Example Multiplexer Output                                      ;
+--------------------+-----------+---------------+----------------------+------------------------+------------+-----------------------------------------------------------------+
; 3:1                ; 4 bits    ; 8 LEs         ; 4 LEs                ; 4 LEs                  ; Yes        ; |Tamagotchi|ImageControl:controlimagen|delaydone[0]             ;
; 3:1                ; 4 bits    ; 8 LEs         ; 4 LEs                ; 4 LEs                  ; Yes        ; |Tamagotchi|visualizacion:segmentos|bcd:convertidor|unimil[3]   ;
; 3:1                ; 4 bits    ; 8 LEs         ; 4 LEs                ; 4 LEs                  ; Yes        ; |Tamagotchi|visualizacion:segmentos|bcd:convertidor|centena[0]  ;
; 3:1                ; 4 bits    ; 8 LEs         ; 4 LEs                ; 4 LEs                  ; Yes        ; |Tamagotchi|visualizacion:segmentos|bcd:convertidor|decena[0]   ;
; 3:1                ; 4 bits    ; 8 LEs         ; 4 LEs                ; 4 LEs                  ; Yes        ; |Tamagotchi|visualizacion:segmentos|bcd:convertidor|unidad[0]   ;
; 3:1                ; 15 bits   ; 30 LEs        ; 15 LEs               ; 15 LEs                 ; Yes        ; |Tamagotchi|controlpuntuacion:timecontrolp|countreset[4]        ;
; 3:1                ; 15 bits   ; 30 LEs        ; 15 LEs               ; 15 LEs                 ; Yes        ; |Tamagotchi|controlpuntuacion:timecontrolp|counttest[2]         ;
; 3:1                ; 28 bits   ; 56 LEs        ; 28 LEs               ; 28 LEs                 ; Yes        ; |Tamagotchi|controlprincipal:control|countreset[12]             ;
; 3:1                ; 28 bits   ; 56 LEs        ; 28 LEs               ; 28 LEs                 ; Yes        ; |Tamagotchi|controlprincipal:control|counttest[6]               ;
; 8:1                ; 2 bits    ; 10 LEs        ; 8 LEs                ; 2 LEs                  ; Yes        ; |Tamagotchi|visualizacion:segmentos|numeroactual[0]             ;
; 4:1                ; 5 bits    ; 10 LEs        ; 5 LEs                ; 5 LEs                  ; Yes        ; |Tamagotchi|ImageControl:controlimagen|contadorcolor[1]         ;
; 4:1                ; 6 bits    ; 12 LEs        ; 6 LEs                ; 6 LEs                  ; Yes        ; |Tamagotchi|controlprincipal:control|contadorjuego[0]           ;
; 9:1                ; 2 bits    ; 12 LEs        ; 4 LEs                ; 8 LEs                  ; Yes        ; |Tamagotchi|ImageControl:controlimagen|color[4]                 ;
; 5:1                ; 10 bits   ; 30 LEs        ; 10 LEs               ; 20 LEs                 ; Yes        ; |Tamagotchi|controlprincipal:control|counthumedad[4]            ;
; 5:1                ; 10 bits   ; 30 LEs        ; 10 LEs               ; 20 LEs                 ; Yes        ; |Tamagotchi|controlprincipal:control|countnutricion[7]          ;
; 5:1                ; 10 bits   ; 30 LEs        ; 10 LEs               ; 20 LEs                 ; Yes        ; |Tamagotchi|controlprincipal:control|countenergia[4]            ;
; 5:1                ; 10 bits   ; 30 LEs        ; 10 LEs               ; 20 LEs                 ; Yes        ; |Tamagotchi|controlprincipal:control|countmantenimiento[7]      ;
; 5:1                ; 10 bits   ; 30 LEs        ; 10 LEs               ; 20 LEs                 ; Yes        ; |Tamagotchi|controlprincipal:control|countcortado[9]            ;
; 4:1                ; 23 bits   ; 46 LEs        ; 23 LEs               ; 23 LEs                 ; Yes        ; |Tamagotchi|ultrasonido:driver|contador[12]                     ;
; 5:1                ; 32 bits   ; 96 LEs        ; 32 LEs               ; 64 LEs                 ; Yes        ; |Tamagotchi|Transmisor:trans|bitcount[29]                       ;
; 17:1               ; 21 bits   ; 231 LEs       ; 147 LEs              ; 84 LEs                 ; Yes        ; |Tamagotchi|ImageControl:controlimagen|color[6]                 ;
; 7:1                ; 11 bits   ; 44 LEs        ; 33 LEs               ; 11 LEs                 ; Yes        ; |Tamagotchi|visualizacion:segmentos|bcd:convertidor|temporal[9] ;
; 12:1               ; 25 bits   ; 200 LEs       ; 25 LEs               ; 175 LEs                ; Yes        ; |Tamagotchi|timecontrol:controltiempo|count[4]                  ;
; 10:1               ; 10 bits   ; 60 LEs        ; 10 LEs               ; 50 LEs                 ; Yes        ; |Tamagotchi|controlprincipal:control|countreposar[1]            ;
; 12:1               ; 14 bits   ; 112 LEs       ; 56 LEs               ; 56 LEs                 ; Yes        ; |Tamagotchi|controlpuntuacion:timecontrolp|puntuacion[10]       ;
; 3:1                ; 13 bits   ; 26 LEs        ; 13 LEs               ; 13 LEs                 ; Yes        ; |Tamagotchi|controlpuntuacion:timecontrolp|countreset[9]        ;
; 3:1                ; 13 bits   ; 26 LEs        ; 13 LEs               ; 13 LEs                 ; Yes        ; |Tamagotchi|controlpuntuacion:timecontrolp|counttest[22]        ;
; 8:1                ; 2 bits    ; 10 LEs        ; 4 LEs                ; 6 LEs                  ; Yes        ; |Tamagotchi|controlprincipal:control|energia[2]                 ;
; 10:1               ; 2 bits    ; 12 LEs        ; 4 LEs                ; 8 LEs                  ; Yes        ; |Tamagotchi|controlprincipal:control|humedad[1]                 ;
; 8:1                ; 2 bits    ; 10 LEs        ; 4 LEs                ; 6 LEs                  ; Yes        ; |Tamagotchi|controlprincipal:control|mantenimiento[1]           ;
; 9:1                ; 2 bits    ; 12 LEs        ; 4 LEs                ; 8 LEs                  ; Yes        ; |Tamagotchi|controlprincipal:control|nutricion[1]               ;
+--------------------+-----------+---------------+----------------------+------------------------+------------+-----------------------------------------------------------------+


+---------------------------------------------------------------+
; Parameter Settings for User Entity Instance: Transmisor:trans ;
+----------------+-------+--------------------------------------+
; Parameter Name ; Value ; Type                                 ;
+----------------+-------+--------------------------------------+
; READ           ; 000   ; Unsigned Binary                      ;
; SENDL          ; 001   ; Unsigned Binary                      ;
; SENDH          ; 010   ; Unsigned Binary                      ;
; RESTART        ; 011   ; Unsigned Binary                      ;
+----------------+-------+--------------------------------------+
Note: In order to hide this table in the UI and the text report file, please set the "Show Parameter Settings in Synthesis Report" option in "Analysis and Synthesis Settings -> More Settings" to "Off".


+-------------------------------------------------------------------------+
; Parameter Settings for User Entity Instance: ImageControl:controlimagen ;
+----------------+-------+------------------------------------------------+
; Parameter Name ; Value ; Type                                           ;
+----------------+-------+------------------------------------------------+
; RESTART        ; 00    ; Unsigned Binary                                ;
; SCOLOR         ; 01    ; Unsigned Binary                                ;
; SENDCOLOR      ; 10    ; Unsigned Binary                                ;
+----------------+-------+------------------------------------------------+
Note: In order to hide this table in the UI and the text report file, please set the "Show Parameter Settings in Synthesis Report" option in "Analysis and Synthesis Settings -> More Settings" to "Off".


+--------------------------------------------------------------------+
; Parameter Settings for User Entity Instance: MaquinaEstados:logica ;
+----------------+-------+-------------------------------------------+
; Parameter Name ; Value ; Type                                      ;
+----------------+-------+-------------------------------------------+
; BIEN           ; 0000  ; Unsigned Binary                           ;
; EXCELENTE      ; 0001  ; Unsigned Binary                           ;
; INSOLADO       ; 0010  ; Unsigned Binary                           ;
; DORMIDA        ; 0011  ; Unsigned Binary                           ;
; DESNUTRIDA     ; 0100  ; Unsigned Binary                           ;
; DESHIDRATADA   ; 0101  ; Unsigned Binary                           ;
; DESCUIDADA     ; 0110  ; Unsigned Binary                           ;
; REMONTADA      ; 0111  ; Unsigned Binary                           ;
; DESOLADA       ; 1000  ; Unsigned Binary                           ;
; MUERTE         ; 1001  ; Unsigned Binary                           ;
+----------------+-------+-------------------------------------------+
Note: In order to hide this table in the UI and the text report file, please set the "Show Parameter Settings in Synthesis Report" option in "Analysis and Synthesis Settings -> More Settings" to "Off".


+-----------------------------------------------------------------------+
; Parameter Settings for User Entity Instance: controlprincipal:control ;
+----------------+-------+----------------------------------------------+
; Parameter Name ; Value ; Type                                         ;
+----------------+-------+----------------------------------------------+
; normal         ; 0     ; Unsigned Binary                              ;
; test           ; 1     ; Unsigned Binary                              ;
+----------------+-------+----------------------------------------------+
Note: In order to hide this table in the UI and the text report file, please set the "Show Parameter Settings in Synthesis Report" option in "Analysis and Synthesis Settings -> More Settings" to "Off".


+------------------------------------------------------------------------+
; Parameter Settings for User Entity Instance: timecontrol:controltiempo ;
+----------------+-------+-----------------------------------------------+
; Parameter Name ; Value ; Type                                          ;
+----------------+-------+-----------------------------------------------+
; X1             ; 000   ; Unsigned Binary                               ;
; X2             ; 001   ; Unsigned Binary                               ;
; X5             ; 010   ; Unsigned Binary                               ;
; X10            ; 011   ; Unsigned Binary                               ;
; X50            ; 100   ; Unsigned Binary                               ;
; X100           ; 101   ; Unsigned Binary                               ;
+----------------+-------+-----------------------------------------------+
Note: In order to hide this table in the UI and the text report file, please set the "Show Parameter Settings in Synthesis Report" option in "Analysis and Synthesis Settings -> More Settings" to "Off".


+--------------------------------------------------------------------------------------+
; Parameter Settings for User Entity Instance: visualizacion:segmentos|bcd:convertidor ;
+----------------+-------+-------------------------------------------------------------+
; Parameter Name ; Value ; Type                                                        ;
+----------------+-------+-------------------------------------------------------------+
; READ           ; 0     ; Unsigned Binary                                             ;
; CONVERT        ; 1     ; Unsigned Binary                                             ;
+----------------+-------+-------------------------------------------------------------+
Note: In order to hide this table in the UI and the text report file, please set the "Show Parameter Settings in Synthesis Report" option in "Analysis and Synthesis Settings -> More Settings" to "Off".


+-----------------------------------------------------------------+
; Parameter Settings for User Entity Instance: ultrasonido:driver ;
+----------------+-------+----------------------------------------+
; Parameter Name ; Value ; Type                                   ;
+----------------+-------+----------------------------------------+
; SENDTRIG       ; 000   ; Unsigned Binary                        ;
; WAIT           ; 001   ; Unsigned Binary                        ;
; RECIEVEECHO    ; 010   ; Unsigned Binary                        ;
; DELAY          ; 011   ; Unsigned Binary                        ;
+----------------+-------+----------------------------------------+
Note: In order to hide this table in the UI and the text report file, please set the "Show Parameter Settings in Synthesis Report" option in "Analysis and Synthesis Settings -> More Settings" to "Off".


+-----------------------------------------------------+
; Post-Synthesis Netlist Statistics for Top Partition ;
+-----------------------+-----------------------------+
; Type                  ; Count                       ;
+-----------------------+-----------------------------+
; boundary_port         ; 30                          ;
; cycloneiii_ff         ; 582                         ;
;     ENA               ; 151                         ;
;     ENA SCLR          ; 173                         ;
;     ENA SCLR SLD      ; 11                          ;
;     ENA SLD           ; 12                          ;
;     SCLR              ; 101                         ;
;     SLD               ; 1                           ;
;     plain             ; 133                         ;
; cycloneiii_lcell_comb ; 1383                        ;
;     arith             ; 466                         ;
;         2 data inputs ; 446                         ;
;         3 data inputs ; 20                          ;
;     normal            ; 917                         ;
;         0 data inputs ; 4                           ;
;         1 data inputs ; 41                          ;
;         2 data inputs ; 128                         ;
;         3 data inputs ; 174                         ;
;         4 data inputs ; 570                         ;
;                       ;                             ;
; Max LUT depth         ; 11.00                       ;
; Average LUT depth     ; 4.66                        ;
+-----------------------+-----------------------------+


+-------------------------------+
; Elapsed Time Per Partition    ;
+----------------+--------------+
; Partition Name ; Elapsed Time ;
+----------------+--------------+
; Top            ; 00:00:07     ;
+----------------+--------------+


+-------------------------------+
; Analysis & Synthesis Messages ;
+-------------------------------+
Info: *******************************************************************
Info: Running Quartus Prime Analysis & Synthesis
    Info: Version 23.1std.1 Build 993 05/14/2024 SC Lite Edition
    Info: Processing started: Wed Mar  5 10:58:43 2025
Info: Command: quartus_map --read_settings_files=on --write_settings_files=off TagamutchiPlanta -c Tagamagotchi
Warning (18236): Number of processors has not been specified which may cause overloading on shared machines.  Set the global assignment NUM_PARALLEL_PROCESSORS in your QSF to an appropriate value for best performance.
Info (20030): Parallel compilation is enabled and will use 12 of the 12 processors detected
Info (12021): Found 1 design units, including 1 entities, in source file rtl/tamagotchi.v
    Info (12023): Found entity 1: Tamagotchi File: C:/Proyectosquantus/entrega-proyecto-2024-2-grupo02-2024-2/rtl/Tamagotchi.v Line: 1
Info (12021): Found 1 design units, including 1 entities, in source file rtl/timecontrol.v
    Info (12023): Found entity 1: timecontrol File: C:/Proyectosquantus/entrega-proyecto-2024-2-grupo02-2024-2/rtl/timecontrol.v Line: 1
Info (12021): Found 1 design units, including 1 entities, in source file rtl/transmisor.v
    Info (12023): Found entity 1: Transmisor File: C:/Proyectosquantus/entrega-proyecto-2024-2-grupo02-2024-2/rtl/Transmisor.v Line: 1
Info (12021): Found 1 design units, including 1 entities, in source file rtl/ultrasonido.v
    Info (12023): Found entity 1: ultrasonido File: C:/Proyectosquantus/entrega-proyecto-2024-2-grupo02-2024-2/rtl/ultrasonido.v Line: 1
Info (12021): Found 1 design units, including 1 entities, in source file rtl/visualizacion.v
    Info (12023): Found entity 1: visualizacion File: C:/Proyectosquantus/entrega-proyecto-2024-2-grupo02-2024-2/rtl/visualizacion.v Line: 1
Info (12021): Found 1 design units, including 1 entities, in source file rtl/bcd.v
    Info (12023): Found entity 1: bcd File: C:/Proyectosquantus/entrega-proyecto-2024-2-grupo02-2024-2/rtl/bcd.v Line: 1
Info (12021): Found 1 design units, including 1 entities, in source file rtl/controlprincipal.v
    Info (12023): Found entity 1: controlprincipal File: C:/Proyectosquantus/entrega-proyecto-2024-2-grupo02-2024-2/rtl/controlprincipal.v Line: 1
Info (12021): Found 1 design units, including 1 entities, in source file rtl/controlpuntuacion.v
    Info (12023): Found entity 1: controlpuntuacion File: C:/Proyectosquantus/entrega-proyecto-2024-2-grupo02-2024-2/rtl/controlpuntuacion.v Line: 1
Warning (10229): Verilog HDL Expression warning at ImageControl.v(86): truncated literal to match 23 bits File: C:/Proyectosquantus/entrega-proyecto-2024-2-grupo02-2024-2/rtl/ImageControl.v Line: 86
Info (12021): Found 1 design units, including 1 entities, in source file rtl/imagecontrol.v
    Info (12023): Found entity 1: ImageControl File: C:/Proyectosquantus/entrega-proyecto-2024-2-grupo02-2024-2/rtl/ImageControl.v Line: 1
Info (12021): Found 1 design units, including 1 entities, in source file rtl/maquinaestados.v
    Info (12023): Found entity 1: MaquinaEstados File: C:/Proyectosquantus/entrega-proyecto-2024-2-grupo02-2024-2/rtl/MaquinaEstados.v Line: 1
Info (12021): Found 1 design units, including 1 entities, in source file rtl/mux24.v
    Info (12023): Found entity 1: mux24 File: C:/Proyectosquantus/entrega-proyecto-2024-2-grupo02-2024-2/rtl/mux24.v Line: 1
Info (12021): Found 1 design units, including 1 entities, in source file rtl/mux64.v
    Info (12023): Found entity 1: mux64 File: C:/Proyectosquantus/entrega-proyecto-2024-2-grupo02-2024-2/rtl/mux64.v Line: 1
Info (12021): Found 1 design units, including 1 entities, in source file rtl/needcomparator.v
    Info (12023): Found entity 1: needcomparator File: C:/Proyectosquantus/entrega-proyecto-2024-2-grupo02-2024-2/rtl/needcomparator.v Line: 1
Info (12021): Found 1 design units, including 1 entities, in source file rtl/romanimation.v
    Info (12023): Found entity 1: ROManimation File: C:/Proyectosquantus/entrega-proyecto-2024-2-grupo02-2024-2/rtl/ROManimation.v Line: 1
Info (12021): Found 1 design units, including 1 entities, in source file rtl/maquinaestados_tb.v
    Info (12023): Found entity 1: MaquinaEstados_TB File: C:/Proyectosquantus/entrega-proyecto-2024-2-grupo02-2024-2/rtl/MaquinaEstados_TB.v Line: 1
Info (12127): Elaborating entity "Tamagotchi" for the top level hierarchy
Info (12128): Elaborating entity "Transmisor" for hierarchy "Transmisor:trans" File: C:/Proyectosquantus/entrega-proyecto-2024-2-grupo02-2024-2/rtl/Tamagotchi.v Line: 69
Info (12128): Elaborating entity "ImageControl" for hierarchy "ImageControl:controlimagen" File: C:/Proyectosquantus/entrega-proyecto-2024-2-grupo02-2024-2/rtl/Tamagotchi.v Line: 70
Info (12128): Elaborating entity "mux24" for hierarchy "ImageControl:controlimagen|mux24:selectorcolor" File: C:/Proyectosquantus/entrega-proyecto-2024-2-grupo02-2024-2/rtl/ImageControl.v Line: 38
Info (12128): Elaborating entity "mux64" for hierarchy "ImageControl:controlimagen|mux64:selectorpixel" File: C:/Proyectosquantus/entrega-proyecto-2024-2-grupo02-2024-2/rtl/ImageControl.v Line: 39
Info (12128): Elaborating entity "needcomparator" for hierarchy "ImageControl:controlimagen|needcomparator:barraniveles" File: C:/Proyectosquantus/entrega-proyecto-2024-2-grupo02-2024-2/rtl/ImageControl.v Line: 40
Info (12128): Elaborating entity "MaquinaEstados" for hierarchy "MaquinaEstados:logica" File: C:/Proyectosquantus/entrega-proyecto-2024-2-grupo02-2024-2/rtl/Tamagotchi.v Line: 71
Warning (10036): Verilog HDL or VHDL warning at MaquinaEstados.v(25): object "dead" assigned a value but never read File: C:/Proyectosquantus/entrega-proyecto-2024-2-grupo02-2024-2/rtl/MaquinaEstados.v Line: 25
Info (12128): Elaborating entity "ROManimation" for hierarchy "ROManimation:memoria" File: C:/Proyectosquantus/entrega-proyecto-2024-2-grupo02-2024-2/rtl/Tamagotchi.v Line: 72
Info (12128): Elaborating entity "controlprincipal" for hierarchy "controlprincipal:control" File: C:/Proyectosquantus/entrega-proyecto-2024-2-grupo02-2024-2/rtl/Tamagotchi.v Line: 73
Info (12128): Elaborating entity "timecontrol" for hierarchy "timecontrol:controltiempo" File: C:/Proyectosquantus/entrega-proyecto-2024-2-grupo02-2024-2/rtl/Tamagotchi.v Line: 74
Info (12128): Elaborating entity "visualizacion" for hierarchy "visualizacion:segmentos" File: C:/Proyectosquantus/entrega-proyecto-2024-2-grupo02-2024-2/rtl/Tamagotchi.v Line: 75
Info (12128): Elaborating entity "bcd" for hierarchy "visualizacion:segmentos|bcd:convertidor" File: C:/Proyectosquantus/entrega-proyecto-2024-2-grupo02-2024-2/rtl/visualizacion.v Line: 33
Info (12128): Elaborating entity "controlpuntuacion" for hierarchy "controlpuntuacion:timecontrolp" File: C:/Proyectosquantus/entrega-proyecto-2024-2-grupo02-2024-2/rtl/Tamagotchi.v Line: 76
Warning (10230): Verilog HDL assignment warning at controlpuntuacion.v(106): truncated value with size 32 to match size of target (14) File: C:/Proyectosquantus/entrega-proyecto-2024-2-grupo02-2024-2/rtl/controlpuntuacion.v Line: 106
Info (12128): Elaborating entity "ultrasonido" for hierarchy "ultrasonido:driver" File: C:/Proyectosquantus/entrega-proyecto-2024-2-grupo02-2024-2/rtl/Tamagotchi.v Line: 78
Warning (10230): Verilog HDL assignment warning at ultrasonido.v(65): truncated value with size 32 to match size of target (23) File: C:/Proyectosquantus/entrega-proyecto-2024-2-grupo02-2024-2/rtl/ultrasonido.v Line: 65
Info (286030): Timing-Driven Synthesis is running
Info (17049): 7 registers lost all their fanouts during netlist optimizations.
Info (144001): Generated suppressed messages file C:/Proyectosquantus/entrega-proyecto-2024-2-grupo02-2024-2/output_files/Tagamagotchi.map.smsg
Info (16010): Generating hard_block partition "hard_block:auto_generated_inst"
    Info (16011): Adding 0 node(s), including 0 DDIO, 0 PLL, 0 transceiver and 0 LCELL
Info (21057): Implemented 1448 device resources after synthesis - the final resource count might be different
    Info (21058): Implemented 11 input pins
    Info (21059): Implemented 19 output pins
    Info (21061): Implemented 1418 logic cells
Info: Quartus Prime Analysis & Synthesis was successful. 0 errors, 5 warnings
    Info: Peak virtual memory: 4843 megabytes
    Info: Processing ended: Wed Mar  5 10:59:06 2025
    Info: Elapsed time: 00:00:23
    Info: Total CPU time (on all processors): 00:00:30


+------------------------------------------+
; Analysis & Synthesis Suppressed Messages ;
+------------------------------------------+
The suppressed messages can be found in C:/Proyectosquantus/entrega-proyecto-2024-2-grupo02-2024-2/output_files/Tagamagotchi.map.smsg.


